[12-Sep-2020 10:41:46 Europe/Helsinki] PHP Warning:  Module 'intl' already loaded in Unknown on line 0
[12-Sep-2020 10:41:48 Europe/Helsinki] PHP Warning:  Module 'intl' already loaded in Unknown on line 0
[12-Sep-2020 10:42:13 Europe/Helsinki] PHP Warning:  Module 'intl' already loaded in Unknown on line 0
[12-Sep-2020 10:42:13 Europe/Helsinki] PHP Warning:  Module 'intl' already loaded in Unknown on line 0
[12-Sep-2020 10:42:13 Europe/Helsinki] PHP Warning:  Module 'intl' already loaded in Unknown on line 0
[12-Sep-2020 10:50:51 Europe/Helsinki] PHP Warning:  Module 'intl' already loaded in Unknown on line 0
[12-Sep-2020 11:05:35 Europe/Helsinki] PHP Warning:  Module 'intl' already loaded in Unknown on line 0
[12-Sep-2020 11:31:08 Europe/Helsinki] PHP Warning:  Module 'intl' already loaded in Unknown on line 0
[12-Sep-2020 11:31:56 Europe/Helsinki] PHP Warning:  Module 'intl' already loaded in Unknown on line 0
[12-Sep-2020 11:32:52 Europe/Helsinki] PHP Warning:  Module 'intl' already loaded in Unknown on line 0
[12-Sep-2020 11:35:30 Europe/Helsinki] PHP Warning:  Module 'intl' already loaded in Unknown on line 0
[12-Sep-2020 11:36:20 Europe/Helsinki] PHP Warning:  Module 'intl' already loaded in Unknown on line 0
[12-Sep-2020 11:36:45 Europe/Helsinki] PHP Warning:  Module 'intl' already loaded in Unknown on line 0
[12-Sep-2020 11:36:47 Europe/Helsinki] PHP Warning:  Module 'intl' already loaded in Unknown on line 0
[12-Sep-2020 11:37:39 Europe/Helsinki] PHP Warning:  Module 'intl' already loaded in Unknown on line 0
[12-Sep-2020 11:37:47 Europe/Helsinki] PHP Warning:  Module 'intl' already loaded in Unknown on line 0
[12-Sep-2020 11:37:48 Europe/Helsinki] PHP Warning:  Module 'intl' already loaded in Unknown on line 0
[12-Sep-2020 11:37:56 Europe/Helsinki] PHP Warning:  Module 'intl' already loaded in Unknown on line 0
[12-Sep-2020 11:38:06 Europe/Helsinki] PHP Warning:  Module 'intl' already loaded in Unknown on line 0
[12-Sep-2020 11:38:07 Europe/Helsinki] PHP Warning:  Module 'intl' already loaded in Unknown on line 0
[12-Sep-2020 11:45:41 Europe/Helsinki] PHP Warning:  Module 'intl' already loaded in Unknown on line 0
[12-Sep-2020 11:45:57 Europe/Helsinki] PHP Warning:  Module 'intl' already loaded in Unknown on line 0
[12-Sep-2020 11:45:58 Europe/Helsinki] 2020-09-12T11:45:58+03:00 [critical] Uncaught Error: Class 'App\DataFixtures\Factory' not found
[12-Sep-2020 11:46:39 Europe/Helsinki] PHP Warning:  Module 'intl' already loaded in Unknown on line 0
[12-Sep-2020 11:49:45 Europe/Helsinki] PHP Warning:  Module 'intl' already loaded in Unknown on line 0
[12-Sep-2020 11:58:08 Europe/Helsinki] PHP Warning:  Module 'intl' already loaded in Unknown on line 0
[12-Sep-2020 12:11:17 Europe/Helsinki] PHP Warning:  Module 'intl' already loaded in Unknown on line 0
[12-Sep-2020 12:12:15 Europe/Helsinki] PHP Warning:  Module 'intl' already loaded in Unknown on line 0
[14-Sep-2020 11:30:40 Europe/Helsinki] PHP Warning:  Module 'intl' already loaded in Unknown on line 0
[14-Sep-2020 11:30:40 Europe/Helsinki] PHP Warning:  Module 'intl' already loaded in Unknown on line 0
[14-Sep-2020 11:30:40 Europe/Helsinki] PHP Warning:  Module 'intl' already loaded in Unknown on line 0
[14-Sep-2020 11:53:35 Europe/Helsinki] PHP Warning:  Module 'intl' already loaded in Unknown on line 0
[14-Sep-2020 11:54:18 Europe/Helsinki] PHP Warning:  Module 'intl' already loaded in Unknown on line 0
[14-Sep-2020 11:54:21 Europe/Helsinki] PHP Warning:  Module 'intl' already loaded in Unknown on line 0
[15-Sep-2020 09:41:38 Europe/Helsinki] PHP Warning:  Module 'intl' already loaded in Unknown on line 0
[15-Sep-2020 09:41:38 Europe/Helsinki] PHP Warning:  Module 'intl' already loaded in Unknown on line 0
[15-Sep-2020 09:41:38 Europe/Helsinki] PHP Warning:  Module 'intl' already loaded in Unknown on line 0
[15-Sep-2020 09:47:43 Europe/Helsinki] PHP Warning:  Module 'intl' already loaded in Unknown on line 0
[17-Sep-2020 07:34:22 Europe/Helsinki] PHP Warning:  Module 'intl' already loaded in Unknown on line 0
[17-Sep-2020 07:34:22 Europe/Helsinki] PHP Warning:  Module 'intl' already loaded in Unknown on line 0
[17-Sep-2020 07:34:22 Europe/Helsinki] PHP Warning:  Module 'intl' already loaded in Unknown on line 0
[17-Sep-2020 07:39:24 Europe/Helsinki] PHP Warning:  Module 'intl' already loaded in Unknown on line 0
[17-Sep-2020 07:39:35 Europe/Helsinki] PHP Warning:  Module 'intl' already loaded in Unknown on line 0
[17-Sep-2020 07:39:50 Europe/Helsinki] PHP Warning:  Module 'intl' already loaded in Unknown on line 0
[17-Sep-2020 07:40:01 Europe/Helsinki] PHP Warning:  Module 'intl' already loaded in Unknown on line 0
[17-Sep-2020 07:42:08 Europe/Helsinki] PHP Warning:  Module 'intl' already loaded in Unknown on line 0
[17-Sep-2020 07:42:23 Europe/Helsinki] PHP Warning:  Module 'intl' already loaded in Unknown on line 0
[17-Sep-2020 07:42:46 Europe/Helsinki] PHP Warning:  Module 'intl' already loaded in Unknown on line 0
[17-Sep-2020 07:57:27 Europe/Helsinki] PHP Warning:  Module 'intl' already loaded in Unknown on line 0
[17-Sep-2020 07:57:59 Europe/Helsinki] PHP Warning:  Module 'intl' already loaded in Unknown on line 0
[17-Sep-2020 07:58:26 Europe/Helsinki] PHP Warning:  Module 'intl' already loaded in Unknown on line 0
[17-Sep-2020 07:58:58 Europe/Helsinki] PHP Warning:  Module 'intl' already loaded in Unknown on line 0
[17-Sep-2020 08:00:20 Europe/Helsinki] PHP Warning:  Module 'intl' already loaded in Unknown on line 0
[17-Sep-2020 08:10:28 Europe/Helsinki] PHP Warning:  Module 'intl' already loaded in Unknown on line 0
[17-Sep-2020 08:10:45 Europe/Helsinki] PHP Warning:  Module 'intl' already loaded in Unknown on line 0
[17-Sep-2020 08:11:10 Europe/Helsinki] PHP Warning:  Module 'intl' already loaded in Unknown on line 0
[17-Sep-2020 08:11:25 Europe/Helsinki] PHP Warning:  Module 'intl' already loaded in Unknown on line 0
[17-Sep-2020 08:41:07 Europe/Helsinki] PHP Warning:  Module 'intl' already loaded in Unknown on line 0
[17-Sep-2020 08:50:55 Europe/Helsinki] PHP Warning:  Module 'intl' already loaded in Unknown on line 0
[17-Sep-2020 08:51:38 Europe/Helsinki] PHP Warning:  Module 'intl' already loaded in Unknown on line 0
[17-Sep-2020 08:51:40 Europe/Helsinki] PHP Warning:  Module 'intl' already loaded in Unknown on line 0
[17-Sep-2020 09:13:11 Europe/Helsinki] PHP Warning:  Module 'intl' already loaded in Unknown on line 0
[17-Sep-2020 09:59:22 Europe/Helsinki] PHP Warning:  Module 'intl' already loaded in Unknown on line 0
[17-Sep-2020 10:08:17 Europe/Helsinki] PHP Warning:  Module 'intl' already loaded in Unknown on line 0
[17-Sep-2020 10:08:17 Europe/Helsinki] PHP Warning:  Module 'intl' already loaded in Unknown on line 0
[17-Sep-2020 10:08:17 Europe/Helsinki] PHP Warning:  Module 'intl' already loaded in Unknown on line 0
[18-Sep-2020 07:36:55 Europe/Helsinki] PHP Warning:  Module 'intl' already loaded in Unknown on line 0
[18-Sep-2020 07:36:55 Europe/Helsinki] PHP Warning:  Module 'intl' already loaded in Unknown on line 0
[18-Sep-2020 07:36:55 Europe/Helsinki] PHP Warning:  Module 'intl' already loaded in Unknown on line 0
[18-Sep-2020 11:11:47 Europe/Helsinki] PHP Warning:  Module 'intl' already loaded in Unknown on line 0
[18-Sep-2020 11:12:46 Europe/Helsinki] PHP Warning:  Module 'intl' already loaded in Unknown on line 0
[18-Sep-2020 11:12:48 Europe/Helsinki] PHP Warning:  Module 'intl' already loaded in Unknown on line 0
[18-Sep-2020 11:13:04 Europe/Helsinki] PHP Warning:  Module 'intl' already loaded in Unknown on line 0
[18-Sep-2020 11:13:14 Europe/Helsinki] PHP Warning:  Module 'intl' already loaded in Unknown on line 0
[18-Sep-2020 11:13:15 Europe/Helsinki] PHP Warning:  Module 'intl' already loaded in Unknown on line 0
[19-Sep-2020 07:23:09 Europe/Helsinki] PHP Warning:  Module 'intl' already loaded in Unknown on line 0
[19-Sep-2020 07:23:09 Europe/Helsinki] PHP Warning:  Module 'intl' already loaded in Unknown on line 0
[19-Sep-2020 07:23:09 Europe/Helsinki] PHP Warning:  Module 'intl' already loaded in Unknown on line 0
[19-Sep-2020 07:28:16 Europe/Helsinki] PHP Warning:  Module 'intl' already loaded in Unknown on line 0
[19-Sep-2020 07:28:56 Europe/Helsinki] PHP Warning:  Module 'intl' already loaded in Unknown on line 0
[19-Sep-2020 07:30:28 Europe/Helsinki] PHP Warning:  Module 'intl' already loaded in Unknown on line 0
[19-Sep-2020 08:39:49 Europe/Helsinki] PHP Warning:  Module 'intl' already loaded in Unknown on line 0
[19-Sep-2020 08:39:49 Europe/Helsinki] PHP Fatal error:  Class App\Security\OAuthGoogleAuthenticator contains 2 abstract methods and must therefore be declared abstract or implement the remaining methods (Symfony\Component\Security\Guard\AuthenticatorInterface::onAuthenticationFailure, Symfony\Component\Security\Guard\AuthenticatorInterface::onAuthenticationSuccess) in /home/dima/blog/src/Security/OAuthGoogleAuthenticator.php on line 28
[19-Sep-2020 08:40:17 Europe/Helsinki] PHP Warning:  Module 'intl' already loaded in Unknown on line 0
[19-Sep-2020 10:24:04 Europe/Helsinki] PHP Warning:  Module 'intl' already loaded in Unknown on line 0
[21-Sep-2020 08:53:53 Europe/Helsinki] PHP Warning:  Module 'intl' already loaded in Unknown on line 0
[21-Sep-2020 08:54:24 Europe/Helsinki] PHP Warning:  Module 'intl' already loaded in Unknown on line 0
[21-Sep-2020 08:55:35 Europe/Helsinki] PHP Warning:  Module 'intl' already loaded in Unknown on line 0
[21-Sep-2020 09:00:15 Europe/Helsinki] PHP Warning:  Module 'intl' already loaded in Unknown on line 0
[21-Sep-2020 09:00:38 Europe/Helsinki] PHP Warning:  Module 'intl' already loaded in Unknown on line 0
[21-Sep-2020 09:00:45 Europe/Helsinki] PHP Warning:  Module 'intl' already loaded in Unknown on line 0
[21-Sep-2020 09:02:11 Europe/Helsinki] PHP Warning:  Module 'intl' already loaded in Unknown on line 0
[21-Sep-2020 09:02:35 Europe/Helsinki] PHP Warning:  Module 'intl' already loaded in Unknown on line 0
[21-Sep-2020 09:03:05 Europe/Helsinki] PHP Warning:  Module 'intl' already loaded in Unknown on line 0
[21-Sep-2020 09:03:19 Europe/Helsinki] PHP Warning:  Module 'intl' already loaded in Unknown on line 0
[21-Sep-2020 09:03:25 Europe/Helsinki] PHP Warning:  Module 'intl' already loaded in Unknown on line 0
[21-Sep-2020 09:06:20 Europe/Helsinki] PHP Warning:  Module 'intl' already loaded in Unknown on line 0
[21-Sep-2020 09:06:20 Europe/Helsinki] PHP Warning:  Module 'intl' already loaded in Unknown on line 0
[21-Sep-2020 09:06:20 Europe/Helsinki] PHP Warning:  Module 'intl' already loaded in Unknown on line 0
[22-Sep-2020 12:46:56 Europe/Helsinki] PHP Warning:  Module 'intl' already loaded in Unknown on line 0
[22-Sep-2020 12:46:56 Europe/Helsinki] PHP Warning:  Module 'intl' already loaded in Unknown on line 0
[22-Sep-2020 12:46:56 Europe/Helsinki] PHP Warning:  Module 'intl' already loaded in Unknown on line 0
[23-Sep-2020 11:28:07 Europe/Helsinki] PHP Warning:  Module 'intl' already loaded in Unknown on line 0
[23-Sep-2020 11:28:07 Europe/Helsinki] PHP Warning:  Module 'intl' already loaded in Unknown on line 0
[23-Sep-2020 11:28:07 Europe/Helsinki] PHP Warning:  Module 'intl' already loaded in Unknown on line 0
[23-Sep-2020 11:34:57 Europe/Helsinki] PHP Warning:  Module 'intl' already loaded in Unknown on line 0
[23-Sep-2020 11:35:46 Europe/Helsinki] PHP Warning:  Module 'intl' already loaded in Unknown on line 0
[23-Sep-2020 11:35:55 Europe/Helsinki] PHP Warning:  Module 'intl' already loaded in Unknown on line 0
[23-Sep-2020 12:35:10 Europe/Helsinki] PHP Warning:  Module 'intl' already loaded in Unknown on line 0
[23-Sep-2020 12:35:25 Europe/Helsinki] PHP Warning:  Module 'intl' already loaded in Unknown on line 0
[23-Sep-2020 12:35:26 Europe/Helsinki] PHP Warning:  Module 'intl' already loaded in Unknown on line 0
[23-Sep-2020 12:54:28 Europe/Helsinki] PHP Warning:  Module 'intl' already loaded in Unknown on line 0
[23-Sep-2020 13:09:33 Europe/Helsinki] PHP Warning:  Module 'intl' already loaded in Unknown on line 0
[23-Sep-2020 13:19:54 Europe/Helsinki] PHP Warning:  Module 'intl' already loaded in Unknown on line 0
[23-Sep-2020 13:21:43 Europe/Helsinki] PHP Warning:  Module 'intl' already loaded in Unknown on line 0
[23-Sep-2020 13:24:27 Europe/Helsinki] PHP Warning:  Module 'intl' already loaded in Unknown on line 0
[23-Sep-2020 13:39:52 Europe/Helsinki] PHP Warning:  Module 'intl' already loaded in Unknown on line 0
[25-Sep-2020 09:10:16 Europe/Helsinki] PHP Warning:  Module 'intl' already loaded in Unknown on line 0
[25-Sep-2020 09:10:16 Europe/Helsinki] PHP Warning:  Module 'intl' already loaded in Unknown on line 0
[25-Sep-2020 09:10:16 Europe/Helsinki] PHP Warning:  Module 'intl' already loaded in Unknown on line 0
[25-Sep-2020 09:40:18 Europe/Helsinki] PHP Warning:  Module 'intl' already loaded in Unknown on line 0
[25-Sep-2020 09:51:49 Europe/Helsinki] PHP Warning:  Module 'intl' already loaded in Unknown on line 0
[25-Sep-2020 09:52:03 Europe/Helsinki] PHP Warning:  Module 'intl' already loaded in Unknown on line 0
[25-Sep-2020 09:52:10 Europe/Helsinki] PHP Warning:  Module 'intl' already loaded in Unknown on line 0
[25-Sep-2020 11:03:22 Europe/Helsinki] PHP Warning:  Module 'intl' already loaded in Unknown on line 0
[25-Sep-2020 11:04:47 Europe/Helsinki] PHP Warning:  Module 'intl' already loaded in Unknown on line 0
[25-Sep-2020 11:05:08 Europe/Helsinki] PHP Warning:  Module 'intl' already loaded in Unknown on line 0
[25-Sep-2020 11:14:36 Europe/Helsinki] PHP Warning:  Module 'intl' already loaded in Unknown on line 0
[25-Sep-2020 11:14:59 Europe/Helsinki] PHP Warning:  Module 'intl' already loaded in Unknown on line 0
[25-Sep-2020 11:15:05 Europe/Helsinki] PHP Warning:  Module 'intl' already loaded in Unknown on line 0
[25-Sep-2020 13:57:57 Europe/Helsinki] PHP Warning:  Module 'intl' already loaded in Unknown on line 0
[25-Sep-2020 13:57:57 Europe/Helsinki] PHP Warning:  Module 'intl' already loaded in Unknown on line 0
[25-Sep-2020 13:57:57 Europe/Helsinki] PHP Warning:  Module 'intl' already loaded in Unknown on line 0
[26-Sep-2020 09:01:34 Europe/Helsinki] PHP Warning:  Module 'intl' already loaded in Unknown on line 0
[26-Sep-2020 09:01:34 Europe/Helsinki] PHP Warning:  Module 'intl' already loaded in Unknown on line 0
[26-Sep-2020 09:01:34 Europe/Helsinki] PHP Warning:  Module 'intl' already loaded in Unknown on line 0
[26-Sep-2020 09:08:07 Europe/Helsinki] PHP Warning:  Module 'intl' already loaded in Unknown on line 0
[26-Sep-2020 09:08:18 Europe/Helsinki] PHP Warning:  Module 'intl' already loaded in Unknown on line 0
[26-Sep-2020 09:08:25 Europe/Helsinki] PHP Warning:  Module 'intl' already loaded in Unknown on line 0
[26-Sep-2020 09:22:43 Europe/Helsinki] PHP Warning:  Module 'intl' already loaded in Unknown on line 0
[26-Sep-2020 09:22:44 Europe/Helsinki] 2020-09-26T09:22:44+03:00 [critical] Uncaught Error: syntax error, unexpected ')'
[26-Sep-2020 09:23:03 Europe/Helsinki] PHP Warning:  Module 'intl' already loaded in Unknown on line 0
[26-Sep-2020 09:44:48 Europe/Helsinki] PHP Warning:  Module 'intl' already loaded in Unknown on line 0
[26-Sep-2020 09:45:05 Europe/Helsinki] PHP Warning:  Module 'intl' already loaded in Unknown on line 0
[26-Sep-2020 10:22:56 Europe/Helsinki] PHP Warning:  Module 'intl' already loaded in Unknown on line 0
[26-Sep-2020 12:40:56 Europe/Helsinki] PHP Warning:  Module 'intl' already loaded in Unknown on line 0
[26-Sep-2020 12:40:56 Europe/Helsinki] PHP Warning:  Module 'intl' already loaded in Unknown on line 0
[26-Sep-2020 12:40:56 Europe/Helsinki] PHP Warning:  Module 'intl' already loaded in Unknown on line 0
[27-Sep-2020 10:16:39 Europe/Helsinki] PHP Warning:  Module 'intl' already loaded in Unknown on line 0
[27-Sep-2020 10:16:46 Europe/Helsinki] PHP Warning:  Module 'intl' already loaded in Unknown on line 0
[27-Sep-2020 10:16:48 Europe/Helsinki] PHP Warning:  Module 'intl' already loaded in Unknown on line 0
[27-Sep-2020 10:17:06 Europe/Helsinki] PHP Warning:  Module 'intl' already loaded in Unknown on line 0
[27-Sep-2020 10:18:10 Europe/Helsinki] PHP Warning:  Module 'intl' already loaded in Unknown on line 0
[27-Sep-2020 10:18:10 Europe/Helsinki] PHP Warning:  Module 'intl' already loaded in Unknown on line 0
[27-Sep-2020 10:18:10 Europe/Helsinki] PHP Warning:  Module 'intl' already loaded in Unknown on line 0
[27-Sep-2020 10:29:30 Europe/Helsinki] PHP Warning:  Module 'intl' already loaded in Unknown on line 0
[27-Sep-2020 10:29:39 Europe/Helsinki] PHP Warning:  Module 'intl' already loaded in Unknown on line 0
[27-Sep-2020 10:29:40 Europe/Helsinki] PHP Warning:  Module 'intl' already loaded in Unknown on line 0
[27-Sep-2020 10:30:37 Europe/Helsinki] PHP Warning:  Module 'intl' already loaded in Unknown on line 0
[27-Sep-2020 10:30:37 Europe/Helsinki] PHP Warning:  Module 'intl' already loaded in Unknown on line 0
[27-Sep-2020 10:30:37 Europe/Helsinki] PHP Warning:  Module 'intl' already loaded in Unknown on line 0
[27-Sep-2020 10:33:26 Europe/Helsinki] PHP Warning:  Module 'intl' already loaded in Unknown on line 0
[27-Sep-2020 10:33:38 Europe/Helsinki] PHP Warning:  Module 'intl' already loaded in Unknown on line 0
[27-Sep-2020 10:33:38 Europe/Helsinki] PHP Warning:  Module 'intl' already loaded in Unknown on line 0
[27-Sep-2020 12:46:33 Europe/Helsinki] PHP Warning:  Module 'intl' already loaded in Unknown on line 0
[27-Sep-2020 12:46:33 Europe/Helsinki] PHP Warning:  Module 'intl' already loaded in Unknown on line 0
[27-Sep-2020 12:46:33 Europe/Helsinki] PHP Warning:  Module 'intl' already loaded in Unknown on line 0
[27-Sep-2020 14:20:42 Europe/Helsinki] PHP Warning:  Module 'intl' already loaded in Unknown on line 0
[27-Sep-2020 14:21:07 Europe/Helsinki] PHP Warning:  Module 'intl' already loaded in Unknown on line 0
[27-Sep-2020 14:21:19 Europe/Helsinki] PHP Warning:  Module 'intl' already loaded in Unknown on line 0
[27-Sep-2020 14:21:25 Europe/Helsinki] PHP Warning:  Module 'intl' already loaded in Unknown on line 0
[27-Sep-2020 14:22:35 Europe/Helsinki] PHP Warning:  Module 'intl' already loaded in Unknown on line 0
[27-Sep-2020 14:24:38 Europe/Helsinki] PHP Warning:  Module 'intl' already loaded in Unknown on line 0
[27-Sep-2020 14:26:38 Europe/Helsinki] PHP Warning:  Module 'intl' already loaded in Unknown on line 0
[27-Sep-2020 14:26:38 Europe/Helsinki] PHP Warning:  Module 'intl' already loaded in Unknown on line 0
[27-Sep-2020 14:26:38 Europe/Helsinki] PHP Warning:  Module 'intl' already loaded in Unknown on line 0
[27-Sep-2020 14:33:32 Europe/Helsinki] PHP Warning:  Module 'intl' already loaded in Unknown on line 0
[27-Sep-2020 14:34:03 Europe/Helsinki] PHP Warning:  Module 'intl' already loaded in Unknown on line 0
[27-Sep-2020 14:34:08 Europe/Helsinki] PHP Warning:  Module 'intl' already loaded in Unknown on line 0
[27-Sep-2020 14:34:14 Europe/Helsinki] PHP Warning:  Module 'intl' already loaded in Unknown on line 0
[27-Sep-2020 14:35:45 Europe/Helsinki] PHP Warning:  Module 'intl' already loaded in Unknown on line 0
[27-Sep-2020 14:36:01 Europe/Helsinki] PHP Warning:  Module 'intl' already loaded in Unknown on line 0
[27-Sep-2020 14:36:17 Europe/Helsinki] PHP Warning:  Module 'intl' already loaded in Unknown on line 0
[27-Sep-2020 14:38:11 Europe/Helsinki] PHP Warning:  Module 'intl' already loaded in Unknown on line 0
[28-Sep-2020 09:00:42 Europe/Helsinki] PHP Warning:  Module 'intl' already loaded in Unknown on line 0
[28-Sep-2020 09:00:43 Europe/Helsinki] PHP Warning:  Module 'intl' already loaded in Unknown on line 0
[28-Sep-2020 09:00:43 Europe/Helsinki] PHP Warning:  Module 'intl' already loaded in Unknown on line 0
[28-Sep-2020 09:31:00 Europe/Helsinki] PHP Warning:  Module 'intl' already loaded in Unknown on line 0
[28-Sep-2020 12:27:45 Europe/Helsinki] PHP Warning:  Module 'intl' already loaded in Unknown on line 0
[28-Sep-2020 12:27:45 Europe/Helsinki] PHP Warning:  Module 'intl' already loaded in Unknown on line 0
[28-Sep-2020 12:27:45 Europe/Helsinki] PHP Warning:  Module 'intl' already loaded in Unknown on line 0
[28-Sep-2020 13:45:19 Europe/Helsinki] PHP Warning:  Module 'intl' already loaded in Unknown on line 0
[28-Sep-2020 13:51:04 Europe/Helsinki] PHP Warning:  Module 'intl' already loaded in Unknown on line 0
[28-Sep-2020 13:51:25 Europe/Helsinki] PHP Warning:  Module 'intl' already loaded in Unknown on line 0
[28-Sep-2020 13:54:22 Europe/Helsinki] PHP Warning:  Module 'intl' already loaded in Unknown on line 0
[28-Sep-2020 13:54:32 Europe/Helsinki] PHP Warning:  Module 'intl' already loaded in Unknown on line 0
[28-Sep-2020 14:07:27 Europe/Helsinki] PHP Warning:  Module 'intl' already loaded in Unknown on line 0
[28-Sep-2020 14:09:40 Europe/Helsinki] PHP Warning:  Module 'intl' already loaded in Unknown on line 0
[28-Sep-2020 14:14:43 Europe/Helsinki] PHP Warning:  Module 'intl' already loaded in Unknown on line 0
[29-Sep-2020 10:54:43 Europe/Helsinki] PHP Warning:  Module 'intl' already loaded in Unknown on line 0
[29-Sep-2020 10:54:43 Europe/Helsinki] PHP Warning:  Module 'intl' already loaded in Unknown on line 0
[29-Sep-2020 10:54:43 Europe/Helsinki] PHP Warning:  Module 'intl' already loaded in Unknown on line 0
[29-Sep-2020 11:15:52 Europe/Helsinki] PHP Warning:  Module 'intl' already loaded in Unknown on line 0
[29-Sep-2020 11:35:14 Europe/Helsinki] PHP Warning:  Module 'intl' already loaded in Unknown on line 0
[29-Sep-2020 11:35:15 Europe/Helsinki] PHP Warning:  Module 'intl' already loaded in Unknown on line 0
[29-Sep-2020 11:35:15 Europe/Helsinki] PHP Warning:  Module 'intl' already loaded in Unknown on line 0
[29-Sep-2020 11:45:34 Europe/Helsinki] PHP Warning:  Module 'intl' already loaded in Unknown on line 0
[29-Sep-2020 11:45:34 Europe/Helsinki] PHP Warning:  Module 'intl' already loaded in Unknown on line 0
[29-Sep-2020 11:45:34 Europe/Helsinki] PHP Warning:  Module 'intl' already loaded in Unknown on line 0
[29-Sep-2020 11:48:36 Europe/Helsinki] PHP Warning:  Module 'intl' already loaded in Unknown on line 0
[29-Sep-2020 11:48:36 Europe/Helsinki] PHP Warning:  Module 'intl' already loaded in Unknown on line 0
[29-Sep-2020 11:48:36 Europe/Helsinki] PHP Warning:  Module 'intl' already loaded in Unknown on line 0
[10-Oct-2020 11:28:09 Europe/Helsinki] PHP Warning:  Module 'intl' already loaded in Unknown on line 0
[10-Oct-2020 11:28:09 Europe/Helsinki] PHP Warning:  Module 'intl' already loaded in Unknown on line 0
[10-Oct-2020 11:28:09 Europe/Helsinki] PHP Warning:  Module 'intl' already loaded in Unknown on line 0
[10-Oct-2020 11:38:08 Europe/Helsinki] PHP Warning:  Module 'intl' already loaded in Unknown on line 0
[10-Oct-2020 11:38:08 Europe/Helsinki] PHP Warning:  Module 'intl' already loaded in Unknown on line 0
[10-Oct-2020 11:38:09 Europe/Helsinki] PHP Warning:  Module 'intl' already loaded in Unknown on line 0
[10-Oct-2020 11:42:50 Europe/Helsinki] PHP Warning:  Module 'intl' already loaded in Unknown on line 0
[10-Oct-2020 11:42:50 Europe/Helsinki] PHP Warning:  Module 'intl' already loaded in Unknown on line 0
[10-Oct-2020 11:42:50 Europe/Helsinki] PHP Warning:  Module 'intl' already loaded in Unknown on line 0
[11-Oct-2020 14:28:34 Europe/Helsinki] PHP Warning:  Module 'intl' already loaded in Unknown on line 0
[11-Oct-2020 14:28:34 Europe/Helsinki] PHP Warning:  Module 'intl' already loaded in Unknown on line 0
[11-Oct-2020 14:28:34 Europe/Helsinki] PHP Warning:  Module 'intl' already loaded in Unknown on line 0
[11-Oct-2020 14:32:07 Europe/Helsinki] PHP Warning:  Module 'intl' already loaded in Unknown on line 0
[11-Oct-2020 14:33:39 Europe/Helsinki] PHP Warning:  Module 'intl' already loaded in Unknown on line 0
[11-Oct-2020 14:53:41 Europe/Helsinki] PHP Warning:  Module 'intl' already loaded in Unknown on line 0
[11-Oct-2020 14:54:01 Europe/Helsinki] PHP Warning:  Module 'intl' already loaded in Unknown on line 0
[11-Oct-2020 14:57:38 Europe/Helsinki] PHP Warning:  Module 'intl' already loaded in Unknown on line 0
[11-Oct-2020 14:58:00 Europe/Helsinki] PHP Warning:  Module 'intl' already loaded in Unknown on line 0
[11-Oct-2020 14:58:14 Europe/Helsinki] PHP Warning:  Module 'intl' already loaded in Unknown on line 0
[12-Oct-2020 09:42:25 Europe/Helsinki] PHP Warning:  Module 'intl' already loaded in Unknown on line 0
[12-Oct-2020 09:42:25 Europe/Helsinki] PHP Warning:  Module 'intl' already loaded in Unknown on line 0
[12-Oct-2020 09:42:25 Europe/Helsinki] PHP Warning:  Module 'intl' already loaded in Unknown on line 0
[12-Oct-2020 09:47:34 Europe/Helsinki] PHP Warning:  Module 'intl' already loaded in Unknown on line 0
[12-Oct-2020 09:48:43 Europe/Helsinki] PHP Warning:  Module 'intl' already loaded in Unknown on line 0
[12-Oct-2020 09:48:43 Europe/Helsinki] PHP Warning:  Module 'intl' already loaded in Unknown on line 0
[12-Oct-2020 09:48:43 Europe/Helsinki] PHP Warning:  Module 'intl' already loaded in Unknown on line 0
[12-Oct-2020 09:54:05 Europe/Helsinki] PHP Warning:  Module 'intl' already loaded in Unknown on line 0
[12-Oct-2020 09:54:05 Europe/Helsinki] PHP Warning:  Module 'intl' already loaded in Unknown on line 0
[12-Oct-2020 09:54:05 Europe/Helsinki] PHP Warning:  Module 'intl' already loaded in Unknown on line 0
[12-Oct-2020 09:55:42 Europe/Helsinki] PHP Warning:  Module 'intl' already loaded in Unknown on line 0
[12-Oct-2020 09:55:42 Europe/Helsinki] PHP Warning:  Module 'intl' already loaded in Unknown on line 0
[12-Oct-2020 09:55:42 Europe/Helsinki] PHP Warning:  Module 'intl' already loaded in Unknown on line 0
[12-Oct-2020 10:04:58 Europe/Helsinki] PHP Warning:  Module 'intl' already loaded in Unknown on line 0
[12-Oct-2020 10:05:05 Europe/Helsinki] PHP Warning:  Module 'intl' already loaded in Unknown on line 0
[12-Oct-2020 10:11:34 Europe/Helsinki] PHP Warning:  Module 'intl' already loaded in Unknown on line 0
[12-Oct-2020 10:11:34 Europe/Helsinki] PHP Warning:  Module 'intl' already loaded in Unknown on line 0
[12-Oct-2020 10:11:34 Europe/Helsinki] PHP Warning:  Module 'intl' already loaded in Unknown on line 0
[12-Oct-2020 10:12:36 Europe/Helsinki] PHP Warning:  Module 'intl' already loaded in Unknown on line 0
[12-Oct-2020 10:12:36 Europe/Helsinki] PHP Warning:  Module 'intl' already loaded in Unknown on line 0
[12-Oct-2020 10:12:36 Europe/Helsinki] PHP Warning:  Module 'intl' already loaded in Unknown on line 0
[12-Oct-2020 10:13:11 Europe/Helsinki] PHP Warning:  Module 'intl' already loaded in Unknown on line 0
[12-Oct-2020 10:13:11 Europe/Helsinki] PHP Warning:  Module 'intl' already loaded in Unknown on line 0
[12-Oct-2020 10:13:11 Europe/Helsinki] PHP Warning:  Module 'intl' already loaded in Unknown on line 0
[12-Oct-2020 10:13:36 Europe/Helsinki] PHP Warning:  Module 'intl' already loaded in Unknown on line 0
[12-Oct-2020 10:13:36 Europe/Helsinki] PHP Warning:  Module 'intl' already loaded in Unknown on line 0
[12-Oct-2020 10:13:36 Europe/Helsinki] PHP Warning:  Module 'intl' already loaded in Unknown on line 0
[12-Oct-2020 10:14:37 Europe/Helsinki] PHP Warning:  Module 'intl' already loaded in Unknown on line 0
[12-Oct-2020 10:14:37 Europe/Helsinki] PHP Warning:  Module 'intl' already loaded in Unknown on line 0
[12-Oct-2020 10:14:37 Europe/Helsinki] PHP Warning:  Module 'intl' already loaded in Unknown on line 0
[12-Oct-2020 10:15:24 Europe/Helsinki] PHP Warning:  Module 'intl' already loaded in Unknown on line 0
[12-Oct-2020 10:15:24 Europe/Helsinki] PHP Warning:  Module 'intl' already loaded in Unknown on line 0
[12-Oct-2020 10:15:24 Europe/Helsinki] PHP Warning:  Module 'intl' already loaded in Unknown on line 0
[12-Oct-2020 10:21:28 Europe/Helsinki] PHP Warning:  Module 'intl' already loaded in Unknown on line 0
[12-Oct-2020 13:28:40 Europe/Helsinki] PHP Warning:  Module 'intl' already loaded in Unknown on line 0
[12-Oct-2020 13:28:40 Europe/Helsinki] PHP Warning:  Module 'intl' already loaded in Unknown on line 0
[12-Oct-2020 13:28:40 Europe/Helsinki] PHP Warning:  Module 'intl' already loaded in Unknown on line 0
[12-Oct-2020 13:29:02 Europe/Helsinki] PHP Warning:  Module 'intl' already loaded in Unknown on line 0
[12-Oct-2020 13:29:02 Europe/Helsinki] PHP Warning:  Module 'intl' already loaded in Unknown on line 0
[12-Oct-2020 13:29:02 Europe/Helsinki] PHP Warning:  Module 'intl' already loaded in Unknown on line 0
[12-Oct-2020 13:31:23 Europe/Helsinki] PHP Warning:  Module 'intl' already loaded in Unknown on line 0
[12-Oct-2020 13:31:23 Europe/Helsinki] PHP Warning:  Module 'intl' already loaded in Unknown on line 0
[12-Oct-2020 13:31:23 Europe/Helsinki] PHP Warning:  Module 'intl' already loaded in Unknown on line 0
[13-Oct-2020 12:00:22 Europe/Helsinki] PHP Warning:  Module 'intl' already loaded in Unknown on line 0
[13-Oct-2020 12:00:22 Europe/Helsinki] PHP Warning:  Module 'intl' already loaded in Unknown on line 0
[13-Oct-2020 12:00:22 Europe/Helsinki] PHP Warning:  Module 'intl' already loaded in Unknown on line 0
[13-Oct-2020 12:01:08 Europe/Helsinki] PHP Warning:  Module 'intl' already loaded in Unknown on line 0
[13-Oct-2020 12:01:08 Europe/Helsinki] PHP Warning:  Module 'intl' already loaded in Unknown on line 0
[13-Oct-2020 12:01:08 Europe/Helsinki] PHP Warning:  Module 'intl' already loaded in Unknown on line 0
[13-Oct-2020 12:04:47 Europe/Helsinki] PHP Warning:  Module 'intl' already loaded in Unknown on line 0
[13-Oct-2020 12:04:47 Europe/Helsinki] PHP Warning:  Module 'intl' already loaded in Unknown on line 0
[13-Oct-2020 12:04:47 Europe/Helsinki] PHP Warning:  Module 'intl' already loaded in Unknown on line 0
[13-Oct-2020 12:07:04 Europe/Helsinki] PHP Warning:  Module 'intl' already loaded in Unknown on line 0
[13-Oct-2020 12:07:04 Europe/Helsinki] PHP Warning:  Module 'intl' already loaded in Unknown on line 0
[13-Oct-2020 12:07:04 Europe/Helsinki] PHP Warning:  Module 'intl' already loaded in Unknown on line 0
[13-Oct-2020 12:12:42 Europe/Helsinki] PHP Warning:  Module 'intl' already loaded in Unknown on line 0
[13-Oct-2020 12:12:42 Europe/Helsinki] PHP Warning:  Module 'intl' already loaded in Unknown on line 0
[13-Oct-2020 12:12:42 Europe/Helsinki] PHP Warning:  Module 'intl' already loaded in Unknown on line 0
[13-Oct-2020 12:13:40 Europe/Helsinki] PHP Warning:  Module 'intl' already loaded in Unknown on line 0
[13-Oct-2020 12:13:40 Europe/Helsinki] PHP Warning:  Module 'intl' already loaded in Unknown on line 0
[13-Oct-2020 12:13:40 Europe/Helsinki] PHP Warning:  Module 'intl' already loaded in Unknown on line 0
[13-Oct-2020 12:15:38 Europe/Helsinki] PHP Warning:  Module 'intl' already loaded in Unknown on line 0
[13-Oct-2020 12:16:45 Europe/Helsinki] PHP Warning:  Module 'intl' already loaded in Unknown on line 0
[13-Oct-2020 12:16:45 Europe/Helsinki] PHP Warning:  Module 'intl' already loaded in Unknown on line 0
[13-Oct-2020 12:16:45 Europe/Helsinki] PHP Warning:  Module 'intl' already loaded in Unknown on line 0
[13-Oct-2020 12:18:40 Europe/Helsinki] PHP Warning:  Module 'intl' already loaded in Unknown on line 0
[13-Oct-2020 12:19:33 Europe/Helsinki] PHP Warning:  Module 'intl' already loaded in Unknown on line 0
[13-Oct-2020 12:20:41 Europe/Helsinki] PHP Warning:  Module 'intl' already loaded in Unknown on line 0
[13-Oct-2020 12:20:41 Europe/Helsinki] PHP Warning:  Module 'intl' already loaded in Unknown on line 0
[13-Oct-2020 12:20:41 Europe/Helsinki] PHP Warning:  Module 'intl' already loaded in Unknown on line 0
[13-Oct-2020 12:22:09 Europe/Helsinki] PHP Warning:  Module 'intl' already loaded in Unknown on line 0
[13-Oct-2020 12:22:09 Europe/Helsinki] PHP Warning:  Module 'intl' already loaded in Unknown on line 0
[13-Oct-2020 12:22:09 Europe/Helsinki] PHP Warning:  Module 'intl' already loaded in Unknown on line 0
[13-Oct-2020 12:22:37 Europe/Helsinki] PHP Warning:  Module 'intl' already loaded in Unknown on line 0
[13-Oct-2020 12:22:37 Europe/Helsinki] PHP Warning:  Module 'intl' already loaded in Unknown on line 0
[13-Oct-2020 12:22:37 Europe/Helsinki] PHP Warning:  Module 'intl' already loaded in Unknown on line 0
[13-Oct-2020 12:25:03 Europe/Helsinki] PHP Warning:  Module 'intl' already loaded in Unknown on line 0
[13-Oct-2020 12:25:03 Europe/Helsinki] PHP Warning:  Module 'intl' already loaded in Unknown on line 0
[13-Oct-2020 12:25:03 Europe/Helsinki] PHP Warning:  Module 'intl' already loaded in Unknown on line 0
[13-Oct-2020 12:29:16 Europe/Helsinki] PHP Warning:  Module 'intl' already loaded in Unknown on line 0
[13-Oct-2020 12:29:16 Europe/Helsinki] PHP Warning:  Module 'intl' already loaded in Unknown on line 0
[13-Oct-2020 12:29:16 Europe/Helsinki] PHP Warning:  Module 'intl' already loaded in Unknown on line 0
[13-Oct-2020 13:13:30 Europe/Helsinki] PHP Warning:  Module 'intl' already loaded in Unknown on line 0
[13-Oct-2020 13:13:31 Europe/Helsinki] PHP Warning:  Module 'intl' already loaded in Unknown on line 0
[13-Oct-2020 13:13:31 Europe/Helsinki] PHP Warning:  Module 'intl' already loaded in Unknown on line 0
[13-Oct-2020 13:18:48 Europe/Helsinki] PHP Warning:  Module 'intl' already loaded in Unknown on line 0
[13-Oct-2020 13:20:00 Europe/Helsinki] PHP Warning:  Module 'intl' already loaded in Unknown on line 0
[14-Oct-2020 13:21:35 Europe/Helsinki] PHP Warning:  Module 'intl' already loaded in Unknown on line 0
[14-Oct-2020 13:21:43 Europe/Helsinki] PHP Warning:  Module 'intl' already loaded in Unknown on line 0
[14-Oct-2020 13:24:11 Europe/Helsinki] PHP Warning:  Module 'intl' already loaded in Unknown on line 0
[14-Oct-2020 13:25:16 Europe/Helsinki] PHP Warning:  Module 'intl' already loaded in Unknown on line 0
[14-Oct-2020 13:26:01 Europe/Helsinki] PHP Warning:  Module 'intl' already loaded in Unknown on line 0
[14-Oct-2020 13:26:01 Europe/Helsinki] PHP Warning:  Module 'intl' already loaded in Unknown on line 0
[14-Oct-2020 13:26:01 Europe/Helsinki] PHP Warning:  Module 'intl' already loaded in Unknown on line 0
[14-Oct-2020 13:27:47 Europe/Helsinki] PHP Warning:  Module 'intl' already loaded in Unknown on line 0
[14-Oct-2020 13:27:47 Europe/Helsinki] PHP Warning:  Module 'intl' already loaded in Unknown on line 0
[14-Oct-2020 13:27:47 Europe/Helsinki] PHP Warning:  Module 'intl' already loaded in Unknown on line 0
[14-Oct-2020 13:31:25 Europe/Helsinki] PHP Warning:  Module 'intl' already loaded in Unknown on line 0
[14-Oct-2020 13:31:25 Europe/Helsinki] PHP Warning:  Module 'intl' already loaded in Unknown on line 0
[14-Oct-2020 13:31:25 Europe/Helsinki] PHP Warning:  Module 'intl' already loaded in Unknown on line 0
[14-Oct-2020 13:31:57 Europe/Helsinki] PHP Warning:  Module 'intl' already loaded in Unknown on line 0
[14-Oct-2020 13:31:57 Europe/Helsinki] PHP Warning:  Module 'intl' already loaded in Unknown on line 0
[14-Oct-2020 13:31:57 Europe/Helsinki] PHP Warning:  Module 'intl' already loaded in Unknown on line 0
[14-Oct-2020 13:32:18 Europe/Helsinki] PHP Warning:  Module 'intl' already loaded in Unknown on line 0
[14-Oct-2020 13:32:18 Europe/Helsinki] PHP Warning:  Module 'intl' already loaded in Unknown on line 0
[14-Oct-2020 13:32:18 Europe/Helsinki] PHP Warning:  Module 'intl' already loaded in Unknown on line 0
[14-Oct-2020 13:33:03 Europe/Helsinki] PHP Warning:  Module 'intl' already loaded in Unknown on line 0
[14-Oct-2020 13:33:03 Europe/Helsinki] PHP Warning:  Module 'intl' already loaded in Unknown on line 0
[14-Oct-2020 13:33:04 Europe/Helsinki] PHP Warning:  Module 'intl' already loaded in Unknown on line 0
[14-Oct-2020 13:33:09 Europe/Helsinki] PHP Warning:  Module 'intl' already loaded in Unknown on line 0
[14-Oct-2020 13:33:23 Europe/Helsinki] PHP Warning:  Module 'intl' already loaded in Unknown on line 0
[14-Oct-2020 13:33:23 Europe/Helsinki] PHP Warning:  Module 'intl' already loaded in Unknown on line 0
[14-Oct-2020 13:33:23 Europe/Helsinki] PHP Warning:  Module 'intl' already loaded in Unknown on line 0
[14-Oct-2020 13:33:26 Europe/Helsinki] PHP Warning:  Module 'intl' already loaded in Unknown on line 0
[14-Oct-2020 13:33:43 Europe/Helsinki] PHP Warning:  Module 'intl' already loaded in Unknown on line 0
[14-Oct-2020 13:33:43 Europe/Helsinki] PHP Warning:  Module 'intl' already loaded in Unknown on line 0
[14-Oct-2020 13:33:43 Europe/Helsinki] PHP Warning:  Module 'intl' already loaded in Unknown on line 0
[14-Oct-2020 13:33:45 Europe/Helsinki] PHP Warning:  Module 'intl' already loaded in Unknown on line 0
[14-Oct-2020 13:37:06 Europe/Helsinki] PHP Warning:  Module 'intl' already loaded in Unknown on line 0
[14-Oct-2020 13:37:06 Europe/Helsinki] PHP Warning:  Module 'intl' already loaded in Unknown on line 0
[14-Oct-2020 13:37:06 Europe/Helsinki] PHP Warning:  Module 'intl' already loaded in Unknown on line 0
[14-Oct-2020 13:40:28 Europe/Helsinki] PHP Warning:  Module 'intl' already loaded in Unknown on line 0
[14-Oct-2020 13:40:28 Europe/Helsinki] PHP Warning:  Module 'intl' already loaded in Unknown on line 0
[14-Oct-2020 13:40:28 Europe/Helsinki] PHP Warning:  Module 'intl' already loaded in Unknown on line 0
[14-Oct-2020 13:43:50 Europe/Helsinki] PHP Warning:  Module 'intl' already loaded in Unknown on line 0
[14-Oct-2020 13:43:50 Europe/Helsinki] PHP Warning:  Module 'intl' already loaded in Unknown on line 0
[14-Oct-2020 13:43:50 Europe/Helsinki] PHP Warning:  Module 'intl' already loaded in Unknown on line 0
[16-Oct-2020 15:46:45 Europe/Helsinki] PHP Warning:  Module 'intl' already loaded in Unknown on line 0
[16-Oct-2020 15:52:09 Europe/Helsinki] PHP Warning:  Module 'intl' already loaded in Unknown on line 0
[16-Oct-2020 16:00:05 Europe/Helsinki] PHP Warning:  Module 'intl' already loaded in Unknown on line 0
[16-Oct-2020 16:00:21 Europe/Helsinki] PHP Warning:  Module 'intl' already loaded in Unknown on line 0
[16-Oct-2020 16:01:29 Europe/Helsinki] PHP Warning:  Module 'intl' already loaded in Unknown on line 0
[16-Oct-2020 16:02:14 Europe/Helsinki] PHP Warning:  Module 'intl' already loaded in Unknown on line 0
[16-Oct-2020 16:21:43 Europe/Helsinki] PHP Warning:  Module 'intl' already loaded in Unknown on line 0
[16-Oct-2020 16:23:10 Europe/Helsinki] PHP Warning:  Module 'intl' already loaded in Unknown on line 0
[16-Oct-2020 16:23:24 Europe/Helsinki] PHP Warning:  Module 'intl' already loaded in Unknown on line 0
[16-Oct-2020 16:23:31 Europe/Helsinki] PHP Warning:  Module 'intl' already loaded in Unknown on line 0
[16-Oct-2020 16:23:49 Europe/Helsinki] PHP Warning:  Module 'intl' already loaded in Unknown on line 0
[16-Oct-2020 16:24:50 Europe/Helsinki] PHP Warning:  Module 'intl' already loaded in Unknown on line 0
[16-Oct-2020 16:24:56 Europe/Helsinki] PHP Warning:  Module 'intl' already loaded in Unknown on line 0
[16-Oct-2020 16:33:15 Europe/Helsinki] PHP Warning:  Module 'intl' already loaded in Unknown on line 0
[16-Oct-2020 16:39:36 Europe/Helsinki] PHP Warning:  Module 'intl' already loaded in Unknown on line 0
[16-Oct-2020 17:01:04 Europe/Helsinki] PHP Warning:  Module 'intl' already loaded in Unknown on line 0
[16-Oct-2020 17:01:20 Europe/Helsinki] PHP Warning:  Module 'intl' already loaded in Unknown on line 0
[16-Oct-2020 17:01:27 Europe/Helsinki] PHP Warning:  Module 'intl' already loaded in Unknown on line 0
[16-Oct-2020 17:02:18 Europe/Helsinki] PHP Warning:  Module 'intl' already loaded in Unknown on line 0
[16-Oct-2020 17:02:33 Europe/Helsinki] PHP Warning:  Module 'intl' already loaded in Unknown on line 0
[16-Oct-2020 17:02:38 Europe/Helsinki] PHP Warning:  Module 'intl' already loaded in Unknown on line 0
[16-Oct-2020 17:02:49 Europe/Helsinki] PHP Warning:  Module 'intl' already loaded in Unknown on line 0
[28-Oct-2020 10:31:14 Europe/Helsinki] PHP Warning:  Module 'intl' already loaded in Unknown on line 0
[28-Oct-2020 10:31:15 Europe/Helsinki] PHP Warning:  Module 'intl' already loaded in Unknown on line 0
[28-Oct-2020 10:31:15 Europe/Helsinki] PHP Warning:  Module 'intl' already loaded in Unknown on line 0
[28-Oct-2020 10:38:41 Europe/Helsinki] PHP Warning:  Module 'intl' already loaded in Unknown on line 0
[28-Oct-2020 10:58:18 Europe/Helsinki] PHP Warning:  Module 'intl' already loaded in Unknown on line 0
[28-Oct-2020 10:59:16 Europe/Helsinki] PHP Warning:  Module 'intl' already loaded in Unknown on line 0
[28-Oct-2020 11:00:28 Europe/Helsinki] PHP Warning:  Module 'intl' already loaded in Unknown on line 0
[28-Oct-2020 11:07:13 Europe/Helsinki] PHP Warning:  Module 'intl' already loaded in Unknown on line 0
[28-Oct-2020 11:07:13 Europe/Helsinki] PHP Warning:  Module 'intl' already loaded in Unknown on line 0
[28-Oct-2020 11:07:13 Europe/Helsinki] PHP Warning:  Module 'intl' already loaded in Unknown on line 0
[28-Oct-2020 12:02:13 Europe/Helsinki] PHP Warning:  Module 'intl' already loaded in Unknown on line 0
[28-Oct-2020 12:02:42 Europe/Helsinki] PHP Warning:  Module 'intl' already loaded in Unknown on line 0
[28-Oct-2020 12:35:44 Europe/Helsinki] PHP Warning:  Module 'intl' already loaded in Unknown on line 0
[28-Oct-2020 12:35:44 Europe/Helsinki] PHP Warning:  Module 'intl' already loaded in Unknown on line 0
[28-Oct-2020 12:35:44 Europe/Helsinki] PHP Warning:  Module 'intl' already loaded in Unknown on line 0
[28-Oct-2020 12:35:57 Europe/Helsinki] PHP Warning:  Module 'intl' already loaded in Unknown on line 0
[28-Oct-2020 12:35:57 Europe/Helsinki] PHP Warning:  Module 'intl' already loaded in Unknown on line 0
[28-Oct-2020 12:35:57 Europe/Helsinki] PHP Warning:  Module 'intl' already loaded in Unknown on line 0
[28-Oct-2020 12:41:10 Europe/Helsinki] PHP Warning:  Module 'intl' already loaded in Unknown on line 0
[28-Oct-2020 12:41:10 Europe/Helsinki] PHP Warning:  Module 'intl' already loaded in Unknown on line 0
[28-Oct-2020 12:41:10 Europe/Helsinki] PHP Warning:  Module 'intl' already loaded in Unknown on line 0
[28-Oct-2020 12:46:57 Europe/Helsinki] PHP Warning:  Module 'intl' already loaded in Unknown on line 0
[28-Oct-2020 12:46:57 Europe/Helsinki] PHP Warning:  Module 'intl' already loaded in Unknown on line 0
[28-Oct-2020 12:46:57 Europe/Helsinki] PHP Warning:  Module 'intl' already loaded in Unknown on line 0
[28-Oct-2020 12:49:27 Europe/Helsinki] PHP Warning:  Module 'intl' already loaded in Unknown on line 0
[28-Oct-2020 12:56:59 Europe/Helsinki] PHP Warning:  Module 'intl' already loaded in Unknown on line 0
[29-Oct-2020 09:29:34 Europe/Helsinki] PHP Warning:  Module 'intl' already loaded in Unknown on line 0
[29-Oct-2020 09:29:34 Europe/Helsinki] PHP Warning:  Module 'intl' already loaded in Unknown on line 0
[29-Oct-2020 09:29:34 Europe/Helsinki] PHP Warning:  Module 'intl' already loaded in Unknown on line 0
[29-Oct-2020 09:43:30 Europe/Helsinki] PHP Warning:  Module 'intl' already loaded in Unknown on line 0
[29-Oct-2020 09:43:30 Europe/Helsinki] PHP Warning:  Module 'intl' already loaded in Unknown on line 0
[29-Oct-2020 09:43:30 Europe/Helsinki] PHP Warning:  Module 'intl' already loaded in Unknown on line 0
[29-Oct-2020 09:52:54 Europe/Helsinki] PHP Warning:  Module 'intl' already loaded in Unknown on line 0
[01-Nov-2020 11:58:43 Europe/Helsinki] PHP Warning:  Module 'intl' already loaded in Unknown on line 0
[01-Nov-2020 11:58:44 Europe/Helsinki] PHP Warning:  Module 'intl' already loaded in Unknown on line 0
[01-Nov-2020 11:58:44 Europe/Helsinki] PHP Warning:  Module 'intl' already loaded in Unknown on line 0
[01-Nov-2020 12:04:27 Europe/Helsinki] PHP Warning:  Module 'intl' already loaded in Unknown on line 0
[01-Nov-2020 12:06:00 Europe/Helsinki] PHP Warning:  Module 'intl' already loaded in Unknown on line 0
[01-Nov-2020 12:06:01 Europe/Helsinki] 2020-11-01T12:06:01+02:00 [critical] Uncaught Error: syntax error, unexpected 'class' (T_CLASS), expecting ';' or ','
[01-Nov-2020 12:06:12 Europe/Helsinki] PHP Warning:  Module 'intl' already loaded in Unknown on line 0
[01-Nov-2020 12:06:25 Europe/Helsinki] PHP Warning:  Module 'intl' already loaded in Unknown on line 0
[01-Nov-2020 12:06:41 Europe/Helsinki] PHP Warning:  Module 'intl' already loaded in Unknown on line 0
[01-Nov-2020 12:13:33 Europe/Helsinki] PHP Warning:  Module 'intl' already loaded in Unknown on line 0
[01-Nov-2020 12:13:47 Europe/Helsinki] PHP Warning:  Module 'intl' already loaded in Unknown on line 0
[01-Nov-2020 12:13:51 Europe/Helsinki] PHP Warning:  Module 'intl' already loaded in Unknown on line 0
[01-Nov-2020 12:21:33 Europe/Helsinki] PHP Warning:  Module 'intl' already loaded in Unknown on line 0
[01-Nov-2020 12:21:44 Europe/Helsinki] PHP Warning:  Module 'intl' already loaded in Unknown on line 0
[01-Nov-2020 12:27:17 Europe/Helsinki] PHP Warning:  Module 'intl' already loaded in Unknown on line 0
[01-Nov-2020 12:27:38 Europe/Helsinki] PHP Warning:  Module 'intl' already loaded in Unknown on line 0
[01-Nov-2020 12:33:05 Europe/Helsinki] PHP Warning:  Module 'intl' already loaded in Unknown on line 0
[01-Nov-2020 12:34:03 Europe/Helsinki] PHP Warning:  Module 'intl' already loaded in Unknown on line 0
[01-Nov-2020 12:34:42 Europe/Helsinki] PHP Warning:  Module 'intl' already loaded in Unknown on line 0
[01-Nov-2020 12:35:12 Europe/Helsinki] PHP Warning:  Module 'intl' already loaded in Unknown on line 0
[01-Nov-2020 12:37:10 Europe/Helsinki] PHP Warning:  Module 'intl' already loaded in Unknown on line 0
[01-Nov-2020 12:39:13 Europe/Helsinki] PHP Warning:  Module 'intl' already loaded in Unknown on line 0
[01-Nov-2020 12:39:32 Europe/Helsinki] PHP Warning:  Module 'intl' already loaded in Unknown on line 0
[01-Nov-2020 12:40:09 Europe/Helsinki] PHP Warning:  Module 'intl' already loaded in Unknown on line 0
[01-Nov-2020 12:44:03 Europe/Helsinki] PHP Warning:  Module 'intl' already loaded in Unknown on line 0
[01-Nov-2020 12:45:08 Europe/Helsinki] PHP Warning:  Module 'intl' already loaded in Unknown on line 0
[01-Nov-2020 12:45:17 Europe/Helsinki] PHP Warning:  Module 'intl' already loaded in Unknown on line 0
[03-Nov-2020 11:48:46 Europe/Helsinki] PHP Warning:  Module 'intl' already loaded in Unknown on line 0
[03-Nov-2020 11:48:46 Europe/Helsinki] PHP Warning:  Module 'intl' already loaded in Unknown on line 0
[03-Nov-2020 11:48:46 Europe/Helsinki] PHP Warning:  Module 'intl' already loaded in Unknown on line 0
[03-Nov-2020 12:10:23 Europe/Helsinki] PHP Warning:  Module 'intl' already loaded in Unknown on line 0
[03-Nov-2020 12:10:23 Europe/Helsinki] PHP Warning:  Module 'intl' already loaded in Unknown on line 0
[03-Nov-2020 12:10:23 Europe/Helsinki] PHP Warning:  Module 'intl' already loaded in Unknown on line 0
[03-Nov-2020 12:11:23 Europe/Helsinki] PHP Warning:  Module 'intl' already loaded in Unknown on line 0
[03-Nov-2020 12:11:23 Europe/Helsinki] PHP Warning:  Module 'intl' already loaded in Unknown on line 0
[03-Nov-2020 12:11:23 Europe/Helsinki] PHP Warning:  Module 'intl' already loaded in Unknown on line 0
[03-Nov-2020 12:12:11 Europe/Helsinki] PHP Warning:  Module 'intl' already loaded in Unknown on line 0
[03-Nov-2020 12:12:11 Europe/Helsinki] PHP Warning:  Module 'intl' already loaded in Unknown on line 0
[03-Nov-2020 12:12:11 Europe/Helsinki] PHP Warning:  Module 'intl' already loaded in Unknown on line 0
[03-Nov-2020 12:14:25 Europe/Helsinki] PHP Warning:  Module 'intl' already loaded in Unknown on line 0
[03-Nov-2020 12:16:40 Europe/Helsinki] PHP Warning:  Module 'intl' already loaded in Unknown on line 0
[03-Nov-2020 12:16:54 Europe/Helsinki] PHP Warning:  Module 'intl' already loaded in Unknown on line 0
[03-Nov-2020 12:17:08 Europe/Helsinki] PHP Warning:  Module 'intl' already loaded in Unknown on line 0
[03-Nov-2020 12:17:08 Europe/Helsinki] PHP Warning:  Module 'intl' already loaded in Unknown on line 0
[03-Nov-2020 12:17:08 Europe/Helsinki] PHP Warning:  Module 'intl' already loaded in Unknown on line 0
[03-Nov-2020 12:25:58 Europe/Helsinki] PHP Warning:  Module 'intl' already loaded in Unknown on line 0
[03-Nov-2020 12:25:58 Europe/Helsinki] PHP Warning:  Module 'intl' already loaded in Unknown on line 0
[03-Nov-2020 12:25:58 Europe/Helsinki] PHP Warning:  Module 'intl' already loaded in Unknown on line 0
[03-Nov-2020 12:39:13 Europe/Helsinki] PHP Warning:  Module 'intl' already loaded in Unknown on line 0
[03-Nov-2020 12:39:13 Europe/Helsinki] PHP Warning:  Module 'intl' already loaded in Unknown on line 0
[03-Nov-2020 12:39:13 Europe/Helsinki] PHP Warning:  Module 'intl' already loaded in Unknown on line 0
[03-Nov-2020 12:48:12 Europe/Helsinki] PHP Warning:  Module 'intl' already loaded in Unknown on line 0
[03-Nov-2020 12:48:12 Europe/Helsinki] PHP Warning:  Module 'intl' already loaded in Unknown on line 0
[03-Nov-2020 12:48:12 Europe/Helsinki] PHP Warning:  Module 'intl' already loaded in Unknown on line 0
[03-Nov-2020 12:54:28 Europe/Helsinki] PHP Warning:  Module 'intl' already loaded in Unknown on line 0
[03-Nov-2020 12:54:28 Europe/Helsinki] PHP Warning:  Module 'intl' already loaded in Unknown on line 0
[03-Nov-2020 12:54:28 Europe/Helsinki] PHP Warning:  Module 'intl' already loaded in Unknown on line 0
[03-Nov-2020 12:55:39 Europe/Helsinki] PHP Warning:  Module 'intl' already loaded in Unknown on line 0
[03-Nov-2020 12:55:39 Europe/Helsinki] PHP Warning:  Module 'intl' already loaded in Unknown on line 0
[03-Nov-2020 12:55:39 Europe/Helsinki] PHP Warning:  Module 'intl' already loaded in Unknown on line 0
[04-Nov-2020 10:05:32 Europe/Helsinki] PHP Warning:  Module 'intl' already loaded in Unknown on line 0
[04-Nov-2020 10:05:33 Europe/Helsinki] PHP Warning:  Module 'intl' already loaded in Unknown on line 0
[04-Nov-2020 10:05:33 Europe/Helsinki] PHP Warning:  Module 'intl' already loaded in Unknown on line 0
[04-Nov-2020 10:38:24 Europe/Helsinki] PHP Warning:  Module 'intl' already loaded in Unknown on line 0
[04-Nov-2020 10:38:25 Europe/Helsinki] PHP Warning:  Module 'intl' already loaded in Unknown on line 0
[04-Nov-2020 10:38:25 Europe/Helsinki] PHP Warning:  Module 'intl' already loaded in Unknown on line 0
[04-Nov-2020 10:40:05 Europe/Helsinki] PHP Warning:  Module 'intl' already loaded in Unknown on line 0
[04-Nov-2020 10:40:05 Europe/Helsinki] PHP Warning:  Module 'intl' already loaded in Unknown on line 0
[04-Nov-2020 10:40:05 Europe/Helsinki] PHP Warning:  Module 'intl' already loaded in Unknown on line 0
[04-Nov-2020 10:57:01 Europe/Helsinki] PHP Warning:  Module 'intl' already loaded in Unknown on line 0
[04-Nov-2020 10:57:15 Europe/Helsinki] PHP Warning:  Module 'intl' already loaded in Unknown on line 0
[04-Nov-2020 11:41:28 Europe/Helsinki] PHP Warning:  Module 'intl' already loaded in Unknown on line 0
[04-Nov-2020 11:41:28 Europe/Helsinki] PHP Warning:  Module 'intl' already loaded in Unknown on line 0
[04-Nov-2020 11:41:28 Europe/Helsinki] PHP Warning:  Module 'intl' already loaded in Unknown on line 0
[04-Nov-2020 11:45:34 Europe/Helsinki] PHP Warning:  Module 'intl' already loaded in Unknown on line 0
[04-Nov-2020 11:45:34 Europe/Helsinki] PHP Warning:  Module 'intl' already loaded in Unknown on line 0
[04-Nov-2020 11:45:34 Europe/Helsinki] PHP Warning:  Module 'intl' already loaded in Unknown on line 0
